OpenJDK 64-Bit Server VM warning: Option UseConcMarkSweepGC was deprecated in version 9.0 and will likely be removed in a future release.
2019-11-13 17:13:49,838 [   4084]   WARN - s.impl.EditorColorsManagerImpl - Cannot find scheme: VibrantInk from plugin: com.intellij.database 
2019-11-13 17:13:49,838 [   4084]   WARN - s.impl.EditorColorsManagerImpl - Cannot find scheme: WarmNeon from plugin: com.intellij.database 
2019-11-13 17:13:49,838 [   4084]   WARN - s.impl.EditorColorsManagerImpl - Cannot find scheme: High сontrast from plugin: com.intellij.database 
2019-11-13 17:14:22,401 [  36647]   WARN - j.openapi.wm.impl.IdeFrameImpl - Set preferredFocusableComponent in 'dijkstra_effective' content in Run tool window to avoid focus-related problems. 
2019-11-13 17:14:22,402 [  36648]   WARN - j.openapi.wm.impl.IdeFrameImpl - dijkstra_effective tool window - parent container is hidden 
2019-11-13 17:14:22,447 [  36693]   WARN - j.openapi.wm.impl.IdeFrameImpl - Set preferredFocusableComponent in 'Build' content in Messages tool window to avoid focus-related problems. 
2019-11-13 17:14:22,458 [  36704]   WARN - j.openapi.wm.impl.IdeFrameImpl - Set preferredFocusableComponent in 'dijkstra_effective' content in Run tool window to avoid focus-related problems. 
2019-11-13 17:14:22,458 [  36704]   WARN - j.openapi.wm.impl.IdeFrameImpl - dijkstra_effective tool window - parent container is hidden 
2019-11-13 17:16:36,883 [ 171129]   WARN - j.openapi.wm.impl.IdeFrameImpl - Set preferredFocusableComponent in 'Build' content in Messages tool window to avoid focus-related problems. 
2019-11-13 17:16:36,884 [ 171130]   WARN - j.openapi.wm.impl.IdeFrameImpl - Build tool window - parent container is hidden 
2019-11-13 17:16:38,352 [ 172598]   WARN - j.openapi.wm.impl.IdeFrameImpl - Set preferredFocusableComponent in 'dijkstra_effective' content in Run tool window to avoid focus-related problems. 
2019-11-13 17:16:38,352 [ 172598]   WARN - j.openapi.wm.impl.IdeFrameImpl - dijkstra_effective tool window - parent container is hidden 
2019-11-13 17:16:58,099 [ 192345]   WARN - j.openapi.wm.impl.IdeFrameImpl - Set preferredFocusableComponent in 'Build' content in Messages tool window to avoid focus-related problems. 
2019-11-13 17:16:58,100 [ 192346]   WARN - j.openapi.wm.impl.IdeFrameImpl - Build tool window - parent container is hidden 
2019-11-13 17:16:58,843 [ 193089]   WARN - j.openapi.wm.impl.IdeFrameImpl - Set preferredFocusableComponent in 'dijkstra_effective' content in Run tool window to avoid focus-related problems. 
2019-11-13 17:16:58,843 [ 193089]   WARN - j.openapi.wm.impl.IdeFrameImpl - dijkstra_effective tool window - parent container is hidden 
2019-11-13 17:18:30,857 [ 285103]   WARN - j.openapi.wm.impl.IdeFrameImpl - Set preferredFocusableComponent in 'Build' content in Messages tool window to avoid focus-related problems. 
2019-11-13 17:18:30,857 [ 285103]   WARN - j.openapi.wm.impl.IdeFrameImpl - Build tool window - parent container is hidden 
2019-11-13 17:18:31,577 [ 285823]   WARN - j.openapi.wm.impl.IdeFrameImpl - Set preferredFocusableComponent in 'dijkstra_effective' content in Run tool window to avoid focus-related problems. 
2019-11-13 17:18:31,577 [ 285823]   WARN - j.openapi.wm.impl.IdeFrameImpl - dijkstra_effective tool window - parent container is hidden 
2019-11-13 17:19:02,058 [ 316304]   WARN - j.openapi.wm.impl.IdeFrameImpl - Set preferredFocusableComponent in 'Build' content in Messages tool window to avoid focus-related problems. 
2019-11-13 17:19:02,058 [ 316304]   WARN - j.openapi.wm.impl.IdeFrameImpl - Build tool window - parent container is hidden 
2019-11-13 17:19:03,699 [ 317945]   WARN - j.openapi.wm.impl.IdeFrameImpl - Set preferredFocusableComponent in 'dijkstra_effective' content in Run tool window to avoid focus-related problems. 
2019-11-13 17:19:03,699 [ 317945]   WARN - j.openapi.wm.impl.IdeFrameImpl - dijkstra_effective tool window - parent container is hidden 
2019-11-13 17:22:24,813 [ 519059]   WARN - j.openapi.wm.impl.IdeFrameImpl - Set preferredFocusableComponent in 'Build' content in Messages tool window to avoid focus-related problems. 
2019-11-13 17:22:24,814 [ 519060]   WARN - j.openapi.wm.impl.IdeFrameImpl - Build tool window - parent container is hidden 
2019-11-13 17:22:26,508 [ 520754]   WARN - j.openapi.wm.impl.IdeFrameImpl - Set preferredFocusableComponent in 'dijkstra_effective' content in Run tool window to avoid focus-related problems. 
2019-11-13 17:22:26,509 [ 520755]   WARN - j.openapi.wm.impl.IdeFrameImpl - dijkstra_effective tool window - parent container is hidden 
2019-11-13 17:22:32,890 [ 527136]   WARN - j.openapi.wm.impl.IdeFrameImpl - Set preferredFocusableComponent in 'Build' content in Messages tool window to avoid focus-related problems. 
2019-11-13 17:22:32,890 [ 527136]   WARN - j.openapi.wm.impl.IdeFrameImpl - Build tool window - parent container is hidden 
2019-11-13 17:22:33,204 [ 527450]   WARN - j.openapi.wm.impl.IdeFrameImpl - Set preferredFocusableComponent in 'dijkstra_effective' content in Run tool window to avoid focus-related problems. 
2019-11-13 17:22:33,204 [ 527450]   WARN - j.openapi.wm.impl.IdeFrameImpl - dijkstra_effective tool window - parent container is hidden 
2019-11-13 17:23:55,854 [ 610100]   WARN - j.openapi.wm.impl.IdeFrameImpl - Set preferredFocusableComponent in 'Build' content in Messages tool window to avoid focus-related problems. 
2019-11-13 17:23:55,854 [ 610100]   WARN - j.openapi.wm.impl.IdeFrameImpl - Build tool window - parent container is hidden 
2019-11-13 17:23:58,101 [ 612347]   WARN - j.openapi.wm.impl.IdeFrameImpl - Set preferredFocusableComponent in 'dijkstra_effective' content in Run tool window to avoid focus-related problems. 
2019-11-13 17:23:58,101 [ 612347]   WARN - j.openapi.wm.impl.IdeFrameImpl - dijkstra_effective tool window - parent container is hidden 
2019-11-13 17:24:16,020 [ 630266]   WARN - j.openapi.wm.impl.IdeFrameImpl - Set preferredFocusableComponent in 'Build' content in Messages tool window to avoid focus-related problems. 
2019-11-13 17:24:16,021 [ 630267]   WARN - j.openapi.wm.impl.IdeFrameImpl - Build tool window - parent container is hidden 
2019-11-13 17:24:17,067 [ 631313]   WARN - j.openapi.wm.impl.IdeFrameImpl - Set preferredFocusableComponent in 'dijkstra_effective' content in Run tool window to avoid focus-related problems. 
2019-11-13 17:24:17,068 [ 631314]   WARN - j.openapi.wm.impl.IdeFrameImpl - dijkstra_effective tool window - parent container is hidden 
2019-11-13 17:24:21,986 [ 636232]   WARN - j.openapi.wm.impl.IdeFrameImpl - Set preferredFocusableComponent in 'Build' content in Messages tool window to avoid focus-related problems. 
2019-11-13 17:24:21,986 [ 636232]   WARN - j.openapi.wm.impl.IdeFrameImpl - Build tool window - parent container is hidden 
2019-11-13 17:24:22,172 [ 636418]   WARN - j.openapi.wm.impl.IdeFrameImpl - Set preferredFocusableComponent in 'dijkstra_effective' content in Run tool window to avoid focus-related problems. 
2019-11-13 17:24:22,172 [ 636418]   WARN - j.openapi.wm.impl.IdeFrameImpl - dijkstra_effective tool window - parent container is hidden 
2019-11-13 17:24:54,615 [ 668861]   WARN - j.openapi.wm.impl.IdeFrameImpl - Set preferredFocusableComponent in 'Build' content in Messages tool window to avoid focus-related problems. 
2019-11-13 17:24:54,615 [ 668861]   WARN - j.openapi.wm.impl.IdeFrameImpl - Build tool window - parent container is hidden 
2019-11-13 17:24:56,766 [ 671012]   WARN - j.openapi.wm.impl.IdeFrameImpl - Set preferredFocusableComponent in 'dijkstra_effective' content in Run tool window to avoid focus-related problems. 
2019-11-13 17:24:56,767 [ 671013]   WARN - j.openapi.wm.impl.IdeFrameImpl - dijkstra_effective tool window - parent container is hidden 
pure virtual method called
terminate called without an active exception
Aborted (core dumped)
OpenJDK 64-Bit Server VM warning: Option UseConcMarkSweepGC was deprecated in version 9.0 and will likely be removed in a future release.
2019-11-13 18:51:16,557 [   4258]   WARN - s.impl.EditorColorsManagerImpl - Cannot find scheme: VibrantInk from plugin: com.intellij.database 
2019-11-13 18:51:16,557 [   4258]   WARN - s.impl.EditorColorsManagerImpl - Cannot find scheme: WarmNeon from plugin: com.intellij.database 
2019-11-13 18:51:16,557 [   4258]   WARN - s.impl.EditorColorsManagerImpl - Cannot find scheme: High сontrast from plugin: com.intellij.database 
2019-11-13 18:51:19,974 [   7675]   WARN - cution.filters.CompositeFilter - CidrPathConsoleFilter.applyFilter() took 1085 ms on '''[Previous CMake output restored: 13.11.2019, 18:46]
''' 
2019-11-13 19:05:36,936 [ 864637]   WARN - tator.ClangErrorsAnnotatorPass -  
java.lang.Throwable: Control-flow exceptions (like CannotRunReadActionException) should never be logged
	at com.intellij.openapi.diagnostic.Logger.checkException(Logger.java:196)
	at com.intellij.idea.IdeaLogger.warn(IdeaLogger.java:95)
	at com.intellij.openapi.diagnostic.Logger.warn(Logger.java:139)
	at com.jetbrains.cidr.lang.daemon.clang.clangd.annotator.ClangErrorsAnnotatorPass.a(ClangErrorsAnnotatorPass.java:569)
	at com.jetbrains.cidr.lang.daemon.clang.clangd.annotator.ClangErrorsAnnotatorPass.a(ClangErrorsAnnotatorPass.java:519)
	at com.jetbrains.cidr.lang.daemon.clang.clangd.annotator.ClangErrorsAnnotatorPass.b(ClangErrorsAnnotatorPass.java:289)
	at com.jetbrains.cidr.lang.daemon.clang.clangd.annotator.ClangErrorsAnnotatorPass.makeAnnotation(ClangErrorsAnnotatorPass.java:241)
	at com.jetbrains.cidr.lang.daemon.clang.clangd.annotator.ClangErrorsAnnotatorPass.b(ClangErrorsAnnotatorPass.java:207)
	at com.jetbrains.cidr.lang.daemon.clang.clangd.annotator.ClangErrorsAnnotatorPass.doCollectInformation(ClangErrorsAnnotatorPass.java:146)
	at com.intellij.codeHighlighting.TextEditorHighlightingPass.collectInformation(TextEditorHighlightingPass.java:55)
	at com.intellij.codeInsight.daemon.impl.PassExecutorService$ScheduledPass.lambda$null$1(PassExecutorService.java:429)
	at com.intellij.openapi.application.impl.ApplicationImpl.tryRunReadAction(ApplicationImpl.java:1106)
	at com.intellij.codeInsight.daemon.impl.PassExecutorService$ScheduledPass.lambda$doRun$2(PassExecutorService.java:422)
	at com.intellij.openapi.progress.impl.CoreProgressManager.registerIndicatorAndRun(CoreProgressManager.java:591)
	at com.intellij.openapi.progress.impl.CoreProgressManager.executeProcessUnderProgress(CoreProgressManager.java:537)
	at com.intellij.openapi.progress.impl.ProgressManagerImpl.executeProcessUnderProgress(ProgressManagerImpl.java:59)
	at com.intellij.codeInsight.daemon.impl.PassExecutorService$ScheduledPass.doRun(PassExecutorService.java:421)
	at com.intellij.codeInsight.daemon.impl.PassExecutorService$ScheduledPass.lambda$run$0(PassExecutorService.java:397)
	at com.intellij.openapi.application.impl.ReadMostlyRWLock.executeByImpatientReader(ReadMostlyRWLock.java:164)
	at com.intellij.openapi.application.impl.ApplicationImpl.executeByImpatientReader(ApplicationImpl.java:204)
	at com.intellij.codeInsight.daemon.impl.PassExecutorService$ScheduledPass.run(PassExecutorService.java:395)
	at com.intellij.concurrency.JobLauncherImpl$VoidForkJoinTask$1.exec(JobLauncherImpl.java:161)
	at java.base/java.util.concurrent.ForkJoinTask.doExec(ForkJoinTask.java:290)
	at java.base/java.util.concurrent.ForkJoinPool$WorkQueue.topLevelExec(ForkJoinPool.java:1020)
	at java.base/java.util.concurrent.ForkJoinPool.scan(ForkJoinPool.java:1656)
	at java.base/java.util.concurrent.ForkJoinPool.runWorker(ForkJoinPool.java:1594)
	at java.base/java.util.concurrent.ForkJoinWorkerThread.run(ForkJoinWorkerThread.java:177)
Caused by: com.intellij.openapi.application.ex.ApplicationUtil$CannotRunReadActionException
	at com.intellij.openapi.application.ex.ApplicationUtil$CannotRunReadActionException.create(ApplicationUtil.java:94)
	at com.intellij.openapi.application.impl.ReadMostlyRWLock.throwIfImpatient(ReadMostlyRWLock.java:144)
	at com.intellij.openapi.application.impl.ReadMostlyRWLock.checkReadLockedByThisThreadAndNoPendingWrites(ReadMostlyRWLock.java:106)
	at com.intellij.openapi.application.impl.ApplicationImpl.checkReadAccessAllowedAndNoPendingWrites(ApplicationImpl.java:1050)
	at com.intellij.openapi.application.impl.ApplicationImpl.runReadAction(ApplicationImpl.java:931)
	at com.intellij.openapi.application.ReadAction.compute(ReadAction.java:57)
	at com.intellij.psi.impl.PsiDocumentManagerImpl$1.fileContentLoaded(PsiDocumentManagerImpl.java:66)
	at jdk.internal.reflect.GeneratedMethodAccessor44.invoke(Unknown Source)
	at java.base/jdk.internal.reflect.DelegatingMethodAccessorImpl.invoke(DelegatingMethodAccessorImpl.java:43)
	at java.base/java.lang.reflect.Method.invoke(Method.java:566)
	at com.intellij.util.messages.impl.MessageBusConnectionImpl.deliverMessage(MessageBusConnectionImpl.java:102)
	at com.intellij.util.messages.impl.MessageBusImpl.doPumpMessages(MessageBusImpl.java:446)
	at com.intellij.util.messages.impl.MessageBusImpl.pumpWaitingBuses(MessageBusImpl.java:406)
	at com.intellij.util.messages.impl.MessageBusImpl.pumpMessages(MessageBusImpl.java:395)
	at com.intellij.util.messages.impl.MessageBusImpl.sendMessage(MessageBusImpl.java:372)
	at com.intellij.util.messages.impl.MessageBusImpl.lambda$createTopicHandler$1(MessageBusImpl.java:242)
	at com.sun.proxy.$Proxy26.fileContentLoaded(Unknown Source)
	at jdk.internal.reflect.GeneratedMethodAccessor44.invoke(Unknown Source)
	at java.base/jdk.internal.reflect.DelegatingMethodAccessorImpl.invoke(DelegatingMethodAccessorImpl.java:43)
	at java.base/java.lang.reflect.Method.invoke(Method.java:566)
	at com.intellij.openapi.fileEditor.impl.FileDocumentManagerImpl.multiCast(FileDocumentManagerImpl.java:148)
	at com.intellij.openapi.fileEditor.impl.FileDocumentManagerImpl.lambda$new$0(FileDocumentManagerImpl.java:128)
	at com.sun.proxy.$Proxy26.fileContentLoaded(Unknown Source)
	at com.intellij.openapi.fileEditor.impl.FileDocumentManagerImpl.getDocument(FileDocumentManagerImpl.java:211)
	at com.jetbrains.cidr.lang.daemon.clang.clangd.annotator.ClangErrorsAnnotatorPass.a(ClangErrorsAnnotatorPass.java:558)
	... 23 more
2019-11-13 19:05:36,939 [ 864640]   WARN - tator.ClangErrorsAnnotatorPass -  
java.lang.Throwable: Control-flow exceptions (like CannotRunReadActionException) should never be logged
	at com.intellij.openapi.diagnostic.Logger.checkException(Logger.java:196)
	at com.intellij.idea.IdeaLogger.warn(IdeaLogger.java:95)
	at com.intellij.openapi.diagnostic.Logger.warn(Logger.java:139)
	at com.jetbrains.cidr.lang.daemon.clang.clangd.annotator.ClangErrorsAnnotatorPass.a(ClangErrorsAnnotatorPass.java:569)
	at com.jetbrains.cidr.lang.daemon.clang.clangd.annotator.ClangErrorsAnnotatorPass.a(ClangErrorsAnnotatorPass.java:519)
	at com.jetbrains.cidr.lang.daemon.clang.clangd.annotator.ClangErrorsAnnotatorPass.b(ClangErrorsAnnotatorPass.java:289)
	at com.jetbrains.cidr.lang.daemon.clang.clangd.annotator.ClangErrorsAnnotatorPass.makeAnnotation(ClangErrorsAnnotatorPass.java:241)
	at com.jetbrains.cidr.lang.daemon.clang.clangd.annotator.ClangErrorsAnnotatorPass.b(ClangErrorsAnnotatorPass.java:207)
	at com.jetbrains.cidr.lang.daemon.clang.clangd.annotator.ClangErrorsAnnotatorPass.doCollectInformation(ClangErrorsAnnotatorPass.java:146)
	at com.intellij.codeHighlighting.TextEditorHighlightingPass.collectInformation(TextEditorHighlightingPass.java:55)
	at com.intellij.codeInsight.daemon.impl.PassExecutorService$ScheduledPass.lambda$null$1(PassExecutorService.java:429)
	at com.intellij.openapi.application.impl.ApplicationImpl.tryRunReadAction(ApplicationImpl.java:1106)
	at com.intellij.codeInsight.daemon.impl.PassExecutorService$ScheduledPass.lambda$doRun$2(PassExecutorService.java:422)
	at com.intellij.openapi.progress.impl.CoreProgressManager.registerIndicatorAndRun(CoreProgressManager.java:591)
	at com.intellij.openapi.progress.impl.CoreProgressManager.executeProcessUnderProgress(CoreProgressManager.java:537)
	at com.intellij.openapi.progress.impl.ProgressManagerImpl.executeProcessUnderProgress(ProgressManagerImpl.java:59)
	at com.intellij.codeInsight.daemon.impl.PassExecutorService$ScheduledPass.doRun(PassExecutorService.java:421)
	at com.intellij.codeInsight.daemon.impl.PassExecutorService$ScheduledPass.lambda$run$0(PassExecutorService.java:397)
	at com.intellij.openapi.application.impl.ReadMostlyRWLock.executeByImpatientReader(ReadMostlyRWLock.java:164)
	at com.intellij.openapi.application.impl.ApplicationImpl.executeByImpatientReader(ApplicationImpl.java:204)
	at com.intellij.codeInsight.daemon.impl.PassExecutorService$ScheduledPass.run(PassExecutorService.java:395)
	at com.intellij.concurrency.JobLauncherImpl$VoidForkJoinTask$1.exec(JobLauncherImpl.java:161)
	at java.base/java.util.concurrent.ForkJoinTask.doExec(ForkJoinTask.java:290)
	at java.base/java.util.concurrent.ForkJoinPool$WorkQueue.topLevelExec(ForkJoinPool.java:1020)
	at java.base/java.util.concurrent.ForkJoinPool.scan(ForkJoinPool.java:1656)
	at java.base/java.util.concurrent.ForkJoinPool.runWorker(ForkJoinPool.java:1594)
	at java.base/java.util.concurrent.ForkJoinWorkerThread.run(ForkJoinWorkerThread.java:177)
Caused by: com.intellij.openapi.application.ex.ApplicationUtil$CannotRunReadActionException
	at com.intellij.openapi.application.ex.ApplicationUtil$CannotRunReadActionException.create(ApplicationUtil.java:94)
	at com.intellij.openapi.application.impl.ReadMostlyRWLock.throwIfImpatient(ReadMostlyRWLock.java:144)
	at com.intellij.openapi.application.impl.ReadMostlyRWLock.checkReadLockedByThisThreadAndNoPendingWrites(ReadMostlyRWLock.java:106)
	at com.intellij.openapi.application.impl.ApplicationImpl.checkReadAccessAllowedAndNoPendingWrites(ApplicationImpl.java:1050)
	at com.intellij.openapi.application.impl.ApplicationImpl.runReadAction(ApplicationImpl.java:931)
	at com.intellij.openapi.application.ReadAction.compute(ReadAction.java:57)
	at com.intellij.psi.impl.PsiDocumentManagerImpl$1.fileContentLoaded(PsiDocumentManagerImpl.java:66)
	at jdk.internal.reflect.GeneratedMethodAccessor44.invoke(Unknown Source)
	at java.base/jdk.internal.reflect.DelegatingMethodAccessorImpl.invoke(DelegatingMethodAccessorImpl.java:43)
	at java.base/java.lang.reflect.Method.invoke(Method.java:566)
	at com.intellij.util.messages.impl.MessageBusConnectionImpl.deliverMessage(MessageBusConnectionImpl.java:102)
	at com.intellij.util.messages.impl.MessageBusImpl.doPumpMessages(MessageBusImpl.java:446)
	at com.intellij.util.messages.impl.MessageBusImpl.pumpWaitingBuses(MessageBusImpl.java:406)
	at com.intellij.util.messages.impl.MessageBusImpl.pumpMessages(MessageBusImpl.java:395)
	at com.intellij.util.messages.impl.MessageBusImpl.sendMessage(MessageBusImpl.java:372)
	at com.intellij.util.messages.impl.MessageBusImpl.lambda$createTopicHandler$1(MessageBusImpl.java:242)
	at com.sun.proxy.$Proxy26.fileContentLoaded(Unknown Source)
	at jdk.internal.reflect.GeneratedMethodAccessor44.invoke(Unknown Source)
	at java.base/jdk.internal.reflect.DelegatingMethodAccessorImpl.invoke(DelegatingMethodAccessorImpl.java:43)
	at java.base/java.lang.reflect.Method.invoke(Method.java:566)
	at com.intellij.openapi.fileEditor.impl.FileDocumentManagerImpl.multiCast(FileDocumentManagerImpl.java:148)
	at com.intellij.openapi.fileEditor.impl.FileDocumentManagerImpl.lambda$new$0(FileDocumentManagerImpl.java:128)
	at com.sun.proxy.$Proxy26.fileContentLoaded(Unknown Source)
	at com.intellij.openapi.fileEditor.impl.FileDocumentManagerImpl.getDocument(FileDocumentManagerImpl.java:211)
	at com.jetbrains.cidr.lang.daemon.clang.clangd.annotator.ClangErrorsAnnotatorPass.a(ClangErrorsAnnotatorPass.java:558)
	... 23 more
2019-11-13 19:16:59,236 [1546937]   WARN - j.openapi.wm.impl.IdeFrameImpl - Set preferredFocusableComponent in 'dijkstra_effective' content in Run tool window to avoid focus-related problems. 
2019-11-13 19:16:59,236 [1546937]   WARN - j.openapi.wm.impl.IdeFrameImpl - dijkstra_effective tool window - parent container is hidden 
2019-11-13 19:20:27,656 [1755357]   WARN - j.openapi.wm.impl.IdeFrameImpl - Set preferredFocusableComponent in 'Build' content in Messages tool window to avoid focus-related problems. 
2019-11-13 19:20:27,657 [1755358]   WARN - j.openapi.wm.impl.IdeFrameImpl - Build tool window - parent container is hidden 
2019-11-13 19:20:28,490 [1756191]   WARN - j.openapi.wm.impl.IdeFrameImpl - Set preferredFocusableComponent in 'dijkstra_effective' content in Run tool window to avoid focus-related problems. 
2019-11-13 19:20:28,491 [1756192]   WARN - j.openapi.wm.impl.IdeFrameImpl - dijkstra_effective tool window - parent container is hidden 
2019-11-13 19:21:25,853 [1813554]   WARN - j.openapi.wm.impl.IdeFrameImpl - Set preferredFocusableComponent in 'Build' content in Messages tool window to avoid focus-related problems. 
2019-11-13 19:21:25,854 [1813555]   WARN - j.openapi.wm.impl.IdeFrameImpl - Build tool window - parent container is hidden 
2019-11-13 19:21:26,963 [1814664]   WARN - j.openapi.wm.impl.IdeFrameImpl - Set preferredFocusableComponent in 'dijkstra_effective' content in Run tool window to avoid focus-related problems. 
2019-11-13 19:21:26,963 [1814664]   WARN - j.openapi.wm.impl.IdeFrameImpl - dijkstra_effective tool window - parent container is hidden 
2019-11-13 19:21:49,353 [1837054]   WARN - j.openapi.wm.impl.IdeFrameImpl - Set preferredFocusableComponent in 'Build' content in Messages tool window to avoid focus-related problems. 
2019-11-13 19:21:49,353 [1837054]   WARN - j.openapi.wm.impl.IdeFrameImpl - Build tool window - parent container is hidden 
2019-11-13 19:21:49,477 [1837178]   WARN - j.openapi.wm.impl.IdeFrameImpl - Set preferredFocusableComponent in 'dijkstra_effective' content in Run tool window to avoid focus-related problems. 
2019-11-13 19:21:49,477 [1837178]   WARN - j.openapi.wm.impl.IdeFrameImpl - dijkstra_effective tool window - parent container is hidden 
2019-11-13 19:36:50,799 [2738500]   WARN - tator.ClangErrorsAnnotatorPass -  
java.lang.Throwable: Control-flow exceptions (like CannotRunReadActionException) should never be logged
	at com.intellij.openapi.diagnostic.Logger.checkException(Logger.java:196)
	at com.intellij.idea.IdeaLogger.warn(IdeaLogger.java:95)
	at com.intellij.openapi.diagnostic.Logger.warn(Logger.java:139)
	at com.jetbrains.cidr.lang.daemon.clang.clangd.annotator.ClangErrorsAnnotatorPass.a(ClangErrorsAnnotatorPass.java:569)
	at com.jetbrains.cidr.lang.daemon.clang.clangd.annotator.ClangErrorsAnnotatorPass.a(ClangErrorsAnnotatorPass.java:519)
	at com.jetbrains.cidr.lang.daemon.clang.clangd.annotator.ClangErrorsAnnotatorPass.b(ClangErrorsAnnotatorPass.java:289)
	at com.jetbrains.cidr.lang.daemon.clang.clangd.annotator.ClangErrorsAnnotatorPass.makeAnnotation(ClangErrorsAnnotatorPass.java:241)
	at com.jetbrains.cidr.lang.daemon.clang.clangd.annotator.ClangErrorsAnnotatorPass.b(ClangErrorsAnnotatorPass.java:207)
	at com.jetbrains.cidr.lang.daemon.clang.clangd.annotator.ClangErrorsAnnotatorPass.doCollectInformation(ClangErrorsAnnotatorPass.java:146)
	at com.intellij.codeHighlighting.TextEditorHighlightingPass.collectInformation(TextEditorHighlightingPass.java:55)
	at com.intellij.codeInsight.daemon.impl.PassExecutorService$ScheduledPass.lambda$null$1(PassExecutorService.java:429)
	at com.intellij.openapi.application.impl.ApplicationImpl.tryRunReadAction(ApplicationImpl.java:1106)
	at com.intellij.codeInsight.daemon.impl.PassExecutorService$ScheduledPass.lambda$doRun$2(PassExecutorService.java:422)
	at com.intellij.openapi.progress.impl.CoreProgressManager.registerIndicatorAndRun(CoreProgressManager.java:591)
	at com.intellij.openapi.progress.impl.CoreProgressManager.executeProcessUnderProgress(CoreProgressManager.java:537)
	at com.intellij.openapi.progress.impl.ProgressManagerImpl.executeProcessUnderProgress(ProgressManagerImpl.java:59)
	at com.intellij.codeInsight.daemon.impl.PassExecutorService$ScheduledPass.doRun(PassExecutorService.java:421)
	at com.intellij.codeInsight.daemon.impl.PassExecutorService$ScheduledPass.lambda$run$0(PassExecutorService.java:397)
	at com.intellij.openapi.application.impl.ReadMostlyRWLock.executeByImpatientReader(ReadMostlyRWLock.java:164)
	at com.intellij.openapi.application.impl.ApplicationImpl.executeByImpatientReader(ApplicationImpl.java:204)
	at com.intellij.codeInsight.daemon.impl.PassExecutorService$ScheduledPass.run(PassExecutorService.java:395)
	at com.intellij.concurrency.JobLauncherImpl$VoidForkJoinTask$1.exec(JobLauncherImpl.java:161)
	at java.base/java.util.concurrent.ForkJoinTask.doExec(ForkJoinTask.java:290)
	at java.base/java.util.concurrent.ForkJoinPool$WorkQueue.topLevelExec(ForkJoinPool.java:1020)
	at java.base/java.util.concurrent.ForkJoinPool.scan(ForkJoinPool.java:1656)
	at java.base/java.util.concurrent.ForkJoinPool.runWorker(ForkJoinPool.java:1594)
	at java.base/java.util.concurrent.ForkJoinWorkerThread.run(ForkJoinWorkerThread.java:177)
Caused by: com.intellij.openapi.application.ex.ApplicationUtil$CannotRunReadActionException
	at com.intellij.openapi.application.ex.ApplicationUtil$CannotRunReadActionException.create(ApplicationUtil.java:94)
	at com.intellij.openapi.application.impl.ReadMostlyRWLock.throwIfImpatient(ReadMostlyRWLock.java:144)
	at com.intellij.openapi.application.impl.ReadMostlyRWLock.checkReadLockedByThisThreadAndNoPendingWrites(ReadMostlyRWLock.java:106)
	at com.intellij.openapi.application.impl.ApplicationImpl.checkReadAccessAllowedAndNoPendingWrites(ApplicationImpl.java:1050)
	at com.intellij.openapi.application.impl.ApplicationImpl.runReadAction(ApplicationImpl.java:931)
	at com.intellij.openapi.application.ReadAction.compute(ReadAction.java:57)
	at com.intellij.psi.impl.PsiDocumentManagerImpl$1.fileContentLoaded(PsiDocumentManagerImpl.java:66)
	at jdk.internal.reflect.GeneratedMethodAccessor44.invoke(Unknown Source)
	at java.base/jdk.internal.reflect.DelegatingMethodAccessorImpl.invoke(DelegatingMethodAccessorImpl.java:43)
	at java.base/java.lang.reflect.Method.invoke(Method.java:566)
	at com.intellij.util.messages.impl.MessageBusConnectionImpl.deliverMessage(MessageBusConnectionImpl.java:102)
	at com.intellij.util.messages.impl.MessageBusImpl.doPumpMessages(MessageBusImpl.java:446)
	at com.intellij.util.messages.impl.MessageBusImpl.pumpWaitingBuses(MessageBusImpl.java:406)
	at com.intellij.util.messages.impl.MessageBusImpl.pumpMessages(MessageBusImpl.java:395)
	at com.intellij.util.messages.impl.MessageBusImpl.sendMessage(MessageBusImpl.java:372)
	at com.intellij.util.messages.impl.MessageBusImpl.lambda$createTopicHandler$1(MessageBusImpl.java:242)
	at com.sun.proxy.$Proxy26.fileContentLoaded(Unknown Source)
	at jdk.internal.reflect.GeneratedMethodAccessor44.invoke(Unknown Source)
	at java.base/jdk.internal.reflect.DelegatingMethodAccessorImpl.invoke(DelegatingMethodAccessorImpl.java:43)
	at java.base/java.lang.reflect.Method.invoke(Method.java:566)
	at com.intellij.openapi.fileEditor.impl.FileDocumentManagerImpl.multiCast(FileDocumentManagerImpl.java:148)
	at com.intellij.openapi.fileEditor.impl.FileDocumentManagerImpl.lambda$new$0(FileDocumentManagerImpl.java:128)
	at com.sun.proxy.$Proxy26.fileContentLoaded(Unknown Source)
	at com.intellij.openapi.fileEditor.impl.FileDocumentManagerImpl.getDocument(FileDocumentManagerImpl.java:211)
	at com.jetbrains.cidr.lang.daemon.clang.clangd.annotator.ClangErrorsAnnotatorPass.a(ClangErrorsAnnotatorPass.java:558)
	... 23 more
2019-11-13 19:36:50,801 [2738502]   WARN - tator.ClangErrorsAnnotatorPass -  
java.lang.Throwable: Control-flow exceptions (like CannotRunReadActionException) should never be logged
	at com.intellij.openapi.diagnostic.Logger.checkException(Logger.java:196)
	at com.intellij.idea.IdeaLogger.warn(IdeaLogger.java:95)
	at com.intellij.openapi.diagnostic.Logger.warn(Logger.java:139)
	at com.jetbrains.cidr.lang.daemon.clang.clangd.annotator.ClangErrorsAnnotatorPass.a(ClangErrorsAnnotatorPass.java:569)
	at com.jetbrains.cidr.lang.daemon.clang.clangd.annotator.ClangErrorsAnnotatorPass.a(ClangErrorsAnnotatorPass.java:519)
	at com.jetbrains.cidr.lang.daemon.clang.clangd.annotator.ClangErrorsAnnotatorPass.b(ClangErrorsAnnotatorPass.java:289)
	at com.jetbrains.cidr.lang.daemon.clang.clangd.annotator.ClangErrorsAnnotatorPass.makeAnnotation(ClangErrorsAnnotatorPass.java:241)
	at com.jetbrains.cidr.lang.daemon.clang.clangd.annotator.ClangErrorsAnnotatorPass.b(ClangErrorsAnnotatorPass.java:207)
	at com.jetbrains.cidr.lang.daemon.clang.clangd.annotator.ClangErrorsAnnotatorPass.doCollectInformation(ClangErrorsAnnotatorPass.java:146)
	at com.intellij.codeHighlighting.TextEditorHighlightingPass.collectInformation(TextEditorHighlightingPass.java:55)
	at com.intellij.codeInsight.daemon.impl.PassExecutorService$ScheduledPass.lambda$null$1(PassExecutorService.java:429)
	at com.intellij.openapi.application.impl.ApplicationImpl.tryRunReadAction(ApplicationImpl.java:1106)
	at com.intellij.codeInsight.daemon.impl.PassExecutorService$ScheduledPass.lambda$doRun$2(PassExecutorService.java:422)
	at com.intellij.openapi.progress.impl.CoreProgressManager.registerIndicatorAndRun(CoreProgressManager.java:591)
	at com.intellij.openapi.progress.impl.CoreProgressManager.executeProcessUnderProgress(CoreProgressManager.java:537)
	at com.intellij.openapi.progress.impl.ProgressManagerImpl.executeProcessUnderProgress(ProgressManagerImpl.java:59)
	at com.intellij.codeInsight.daemon.impl.PassExecutorService$ScheduledPass.doRun(PassExecutorService.java:421)
	at com.intellij.codeInsight.daemon.impl.PassExecutorService$ScheduledPass.lambda$run$0(PassExecutorService.java:397)
	at com.intellij.openapi.application.impl.ReadMostlyRWLock.executeByImpatientReader(ReadMostlyRWLock.java:164)
	at com.intellij.openapi.application.impl.ApplicationImpl.executeByImpatientReader(ApplicationImpl.java:204)
	at com.intellij.codeInsight.daemon.impl.PassExecutorService$ScheduledPass.run(PassExecutorService.java:395)
	at com.intellij.concurrency.JobLauncherImpl$VoidForkJoinTask$1.exec(JobLauncherImpl.java:161)
	at java.base/java.util.concurrent.ForkJoinTask.doExec(ForkJoinTask.java:290)
	at java.base/java.util.concurrent.ForkJoinPool$WorkQueue.topLevelExec(ForkJoinPool.java:1020)
	at java.base/java.util.concurrent.ForkJoinPool.scan(ForkJoinPool.java:1656)
	at java.base/java.util.concurrent.ForkJoinPool.runWorker(ForkJoinPool.java:1594)
	at java.base/java.util.concurrent.ForkJoinWorkerThread.run(ForkJoinWorkerThread.java:177)
Caused by: com.intellij.openapi.application.ex.ApplicationUtil$CannotRunReadActionException
	at com.intellij.openapi.application.ex.ApplicationUtil$CannotRunReadActionException.create(ApplicationUtil.java:94)
	at com.intellij.openapi.application.impl.ReadMostlyRWLock.throwIfImpatient(ReadMostlyRWLock.java:144)
	at com.intellij.openapi.application.impl.ReadMostlyRWLock.checkReadLockedByThisThreadAndNoPendingWrites(ReadMostlyRWLock.java:106)
	at com.intellij.openapi.application.impl.ApplicationImpl.checkReadAccessAllowedAndNoPendingWrites(ApplicationImpl.java:1050)
	at com.intellij.openapi.application.impl.ApplicationImpl.runReadAction(ApplicationImpl.java:931)
	at com.intellij.openapi.application.ReadAction.compute(ReadAction.java:57)
	at com.intellij.psi.impl.PsiDocumentManagerImpl$1.fileContentLoaded(PsiDocumentManagerImpl.java:66)
	at jdk.internal.reflect.GeneratedMethodAccessor44.invoke(Unknown Source)
	at java.base/jdk.internal.reflect.DelegatingMethodAccessorImpl.invoke(DelegatingMethodAccessorImpl.java:43)
	at java.base/java.lang.reflect.Method.invoke(Method.java:566)
	at com.intellij.util.messages.impl.MessageBusConnectionImpl.deliverMessage(MessageBusConnectionImpl.java:102)
	at com.intellij.util.messages.impl.MessageBusImpl.doPumpMessages(MessageBusImpl.java:446)
	at com.intellij.util.messages.impl.MessageBusImpl.pumpWaitingBuses(MessageBusImpl.java:406)
	at com.intellij.util.messages.impl.MessageBusImpl.pumpMessages(MessageBusImpl.java:395)
	at com.intellij.util.messages.impl.MessageBusImpl.sendMessage(MessageBusImpl.java:372)
	at com.intellij.util.messages.impl.MessageBusImpl.lambda$createTopicHandler$1(MessageBusImpl.java:242)
	at com.sun.proxy.$Proxy26.fileContentLoaded(Unknown Source)
	at jdk.internal.reflect.GeneratedMethodAccessor44.invoke(Unknown Source)
	at java.base/jdk.internal.reflect.DelegatingMethodAccessorImpl.invoke(DelegatingMethodAccessorImpl.java:43)
	at java.base/java.lang.reflect.Method.invoke(Method.java:566)
	at com.intellij.openapi.fileEditor.impl.FileDocumentManagerImpl.multiCast(FileDocumentManagerImpl.java:148)
	at com.intellij.openapi.fileEditor.impl.FileDocumentManagerImpl.lambda$new$0(FileDocumentManagerImpl.java:128)
	at com.sun.proxy.$Proxy26.fileContentLoaded(Unknown Source)
	at com.intellij.openapi.fileEditor.impl.FileDocumentManagerImpl.getDocument(FileDocumentManagerImpl.java:211)
	at com.jetbrains.cidr.lang.daemon.clang.clangd.annotator.ClangErrorsAnnotatorPass.a(ClangErrorsAnnotatorPass.java:558)
	... 23 more
2019-11-13 19:37:25,640 [2773341]   WARN - j.openapi.wm.impl.IdeFrameImpl - Set preferredFocusableComponent in 'Build' content in Messages tool window to avoid focus-related problems. 
2019-11-13 19:37:25,640 [2773341]   WARN - j.openapi.wm.impl.IdeFrameImpl - Build tool window - parent container is hidden 
2019-11-13 19:37:26,912 [2774613]   WARN - j.openapi.wm.impl.IdeFrameImpl - Set preferredFocusableComponent in 'dijkstra_effective' content in Run tool window to avoid focus-related problems. 
2019-11-13 19:37:26,913 [2774614]   WARN - j.openapi.wm.impl.IdeFrameImpl - dijkstra_effective tool window - parent container is hidden 
2019-11-13 19:44:28,017 [3195718]   WARN - j.openapi.wm.impl.IdeFrameImpl - Set preferredFocusableComponent in 'Build' content in Messages tool window to avoid focus-related problems. 
2019-11-13 19:44:28,017 [3195718]   WARN - j.openapi.wm.impl.IdeFrameImpl - Build tool window - parent container is hidden 
2019-11-13 19:49:19,253 [3486954]   WARN - brains.cidr.execution.debugger - >0-interpreter-exec --thread 1 --frame 0 mi2 "-var-create var60_diststocurr_vweight * \"dists[to] = [curr_v] + weight\"" 
2019-11-13 19:49:19,254 [3486955]   WARN - brains.cidr.execution.debugger - <^error,msg="-var-create: unable to create variable object" 
2019-11-13 19:49:19,256 [3486957]   WARN - brains.cidr.execution.debugger - >-var-set-frozen "var60_diststocurr_vweight" 1 
2019-11-13 19:49:19,256 [3486957]   WARN - brains.cidr.execution.debugger - <^error,msg="Variable object not found" 
2019-11-13 19:49:19,304 [3487005]   WARN - brains.cidr.execution.debugger - >0-interpreter-exec --thread 1 --frame 0 mi2 "-var-create var61_intdiststocurr_vweight * \"((int &)(dists[to] = [curr_v] + weight))\"" 
2019-11-13 19:49:19,304 [3487005]   WARN - brains.cidr.execution.debugger - <^error,msg="-var-create: unable to create variable object" 
2019-11-13 19:49:19,305 [3487006]   WARN - brains.cidr.execution.debugger - >-var-set-frozen "var61_intdiststocurr_vweight" 1 
2019-11-13 19:49:19,305 [3487006]   WARN - brains.cidr.execution.debugger - <^error,msg="Variable object not found" 
2019-11-13 19:49:19,306 [3487007]   WARN - brains.cidr.execution.debugger - >0-interpreter-exec --thread 1 --frame 0 mi2 "-var-create var62_diststocurr_vweight * \"dists[to] = [curr_v] + weight\"" 
2019-11-13 19:49:19,306 [3487007]   WARN - brains.cidr.execution.debugger - <^error,msg="-var-create: unable to create variable object" 
2019-11-13 19:49:19,306 [3487007]   WARN - brains.cidr.execution.debugger - >-var-set-frozen "var62_diststocurr_vweight" 1 
2019-11-13 19:49:19,306 [3487007]   WARN - brains.cidr.execution.debugger - <^error,msg="Variable object not found" 
2019-11-13 19:50:01,148 [3528849]   WARN - brains.cidr.execution.debugger - >-var-delete var60_diststocurr_vweight 
2019-11-13 19:50:01,148 [3528849]   WARN - brains.cidr.execution.debugger - <^error,msg="Variable object not found" 
2019-11-13 19:50:01,149 [3528850]   WARN - brains.cidr.execution.debugger - >-var-delete var61_intdiststocurr_vweight 
2019-11-13 19:50:01,149 [3528850]   WARN - brains.cidr.execution.debugger - <^error,msg="Variable object not found" 
2019-11-13 19:50:01,149 [3528850]   WARN - brains.cidr.execution.debugger - >-var-delete var62_diststocurr_vweight 
2019-11-13 19:50:01,150 [3528851]   WARN - brains.cidr.execution.debugger - <^error,msg="Variable object not found" 
2019-11-13 19:54:42,056 [3809757]   WARN - brains.cidr.execution.debugger - >0-interpreter-exec --thread 1 --frame 0 mi2 "-var-create var61_weigth * \"weigth\"" 
2019-11-13 19:54:42,057 [3809758]   WARN - brains.cidr.execution.debugger - <^error,msg="-var-create: unable to create variable object" 
2019-11-13 19:54:42,057 [3809758]   WARN - brains.cidr.execution.debugger - >-var-set-frozen "var61_weigth" 1 
2019-11-13 19:54:42,057 [3809758]   WARN - brains.cidr.execution.debugger - <^error,msg="Variable object not found" 
2019-11-13 19:54:42,060 [3809761]   WARN - brains.cidr.execution.debugger - >0-interpreter-exec --thread 1 --frame 0 mi2 "-var-create var62_intweigth * \"((int)(weigth))\"" 
2019-11-13 19:54:42,060 [3809761]   WARN - brains.cidr.execution.debugger - <^error,msg="-var-create: unable to create variable object" 
2019-11-13 19:54:42,061 [3809762]   WARN - brains.cidr.execution.debugger - >-var-set-frozen "var62_intweigth" 1 
2019-11-13 19:54:42,061 [3809762]   WARN - brains.cidr.execution.debugger - <^error,msg="Variable object not found" 
2019-11-13 19:54:42,062 [3809763]   WARN - brains.cidr.execution.debugger - >0-interpreter-exec --thread 1 --frame 0 mi2 "-var-create var63_weigth * \"weigth\"" 
2019-11-13 19:54:42,062 [3809763]   WARN - brains.cidr.execution.debugger - <^error,msg="-var-create: unable to create variable object" 
2019-11-13 19:54:42,062 [3809763]   WARN - brains.cidr.execution.debugger - >-var-set-frozen "var63_weigth" 1 
2019-11-13 19:54:42,062 [3809763]   WARN - brains.cidr.execution.debugger - <^error,msg="Variable object not found" 
2019-11-13 20:12:11,549 [4859250]   WARN - j.openapi.wm.impl.IdeFrameImpl - Set preferredFocusableComponent in 'dijkstra_effective' content in Run tool window to avoid focus-related problems. 
2019-11-13 20:12:11,550 [4859251]   WARN - j.openapi.wm.impl.IdeFrameImpl - dijkstra_effective tool window - parent container is hidden 
2019-11-13 20:12:21,098 [4868799]   WARN - j.openapi.wm.impl.IdeFrameImpl - Set preferredFocusableComponent in 'Build' content in Messages tool window to avoid focus-related problems. 
2019-11-13 20:12:21,098 [4868799]   WARN - j.openapi.wm.impl.IdeFrameImpl - Build tool window - parent container is hidden 
2019-11-13 20:12:23,430 [4871131]   WARN - brains.cidr.execution.debugger - >0-interpreter-exec --thread 1 --frame 0 mi2 "-var-create var4_usedv * \"used[v]\"" 
2019-11-13 20:12:23,431 [4871132]   WARN - brains.cidr.execution.debugger - <^error,msg="-var-create: unable to create variable object" 
2019-11-13 20:12:23,431 [4871132]   WARN - brains.cidr.execution.debugger - >-var-set-frozen "var4_usedv" 1 
2019-11-13 20:12:23,431 [4871132]   WARN - brains.cidr.execution.debugger - <^error,msg="Variable object not found" 
2019-11-13 20:12:23,439 [4871140]   WARN - brains.cidr.execution.debugger - >0-interpreter-exec --thread 1 --frame 0 mi2 "-var-create var5_std_Bit_referenceusedv * \"((::std::_Bit_reference)(used[v]))\"" 
2019-11-13 20:12:23,439 [4871140]   WARN - brains.cidr.execution.debugger - <^error,msg="-var-create: unable to create variable object" 
2019-11-13 20:12:23,439 [4871140]   WARN - brains.cidr.execution.debugger - >-var-set-frozen "var5_std_Bit_referenceusedv" 1 
2019-11-13 20:12:23,439 [4871140]   WARN - brains.cidr.execution.debugger - <^error,msg="Variable object not found" 
2019-11-13 20:12:23,440 [4871141]   WARN - brains.cidr.execution.debugger - >0-interpreter-exec --thread 1 --frame 0 mi2 "-var-create var6_usedv * \"used[v]\"" 
2019-11-13 20:12:23,440 [4871141]   WARN - brains.cidr.execution.debugger - <^error,msg="-var-create: unable to create variable object" 
2019-11-13 20:12:23,440 [4871141]   WARN - brains.cidr.execution.debugger - >-var-set-frozen "var6_usedv" 1 
2019-11-13 20:12:23,440 [4871141]   WARN - brains.cidr.execution.debugger - <^error,msg="Variable object not found" 
2019-11-13 20:15:36,099 [5063800]   WARN - j.openapi.wm.impl.IdeFrameImpl - Set preferredFocusableComponent in 'dijkstra_effective' content in Run tool window to avoid focus-related problems. 
2019-11-13 20:15:36,099 [5063800]   WARN - j.openapi.wm.impl.IdeFrameImpl - dijkstra_effective tool window - parent container is hidden 
2019-11-13 20:15:54,059 [5081760]   WARN - j.openapi.wm.impl.IdeFrameImpl - Set preferredFocusableComponent in 'Build' content in Messages tool window to avoid focus-related problems. 
2019-11-13 20:15:54,059 [5081760]   WARN - j.openapi.wm.impl.IdeFrameImpl - Build tool window - parent container is hidden 
2019-11-13 20:18:30,166 [5237867]   WARN - j.openapi.wm.impl.IdeFrameImpl - Set preferredFocusableComponent in 'Build' content in Messages tool window to avoid focus-related problems. 
2019-11-13 20:18:46,277 [5253978]   WARN - j.openapi.wm.impl.IdeFrameImpl - Set preferredFocusableComponent in 'dijkstra_effective' content in Run tool window to avoid focus-related problems. 
2019-11-13 20:18:46,277 [5253978]   WARN - j.openapi.wm.impl.IdeFrameImpl - dijkstra_effective tool window - parent container is hidden 
2019-11-13 20:40:59,515 [6587216]   WARN - j.openapi.wm.impl.IdeFrameImpl - Set preferredFocusableComponent in 'Build' content in Messages tool window to avoid focus-related problems. 
2019-11-13 20:40:59,516 [6587217]   WARN - j.openapi.wm.impl.IdeFrameImpl - Build tool window - parent container is hidden 
2019-11-13 20:41:00,401 [6588102]   WARN - j.openapi.wm.impl.IdeFrameImpl - Set preferredFocusableComponent in 'dijkstra_effective' content in Run tool window to avoid focus-related problems. 
2019-11-13 20:41:00,401 [6588102]   WARN - j.openapi.wm.impl.IdeFrameImpl - dijkstra_effective tool window - parent container is hidden 
2019-11-13 20:41:17,792 [6605493]   WARN - j.openapi.wm.impl.IdeFrameImpl - Set preferredFocusableComponent in 'Build' content in Messages tool window to avoid focus-related problems. 
2019-11-13 20:41:17,793 [6605494]   WARN - j.openapi.wm.impl.IdeFrameImpl - Build tool window - parent container is hidden 
2019-11-13 20:41:18,772 [6606473]   WARN - j.openapi.wm.impl.IdeFrameImpl - Set preferredFocusableComponent in 'dijkstra_effective' content in Run tool window to avoid focus-related problems. 
2019-11-13 20:41:18,772 [6606473]   WARN - j.openapi.wm.impl.IdeFrameImpl - dijkstra_effective tool window - parent container is hidden 
2019-11-13 20:42:18,866 [6666567]   WARN - j.openapi.wm.impl.IdeFrameImpl - Set preferredFocusableComponent in 'Build' content in Messages tool window to avoid focus-related problems. 
2019-11-13 20:42:18,866 [6666567]   WARN - j.openapi.wm.impl.IdeFrameImpl - Build tool window - parent container is hidden 
2019-11-13 20:42:20,002 [6667703]   WARN - j.openapi.wm.impl.IdeFrameImpl - Set preferredFocusableComponent in 'dijkstra_effective' content in Run tool window to avoid focus-related problems. 
2019-11-13 20:42:20,002 [6667703]   WARN - j.openapi.wm.impl.IdeFrameImpl - dijkstra_effective tool window - parent container is hidden 
2019-11-13 20:42:40,143 [6687844]   WARN - j.openapi.wm.impl.IdeFrameImpl - Set preferredFocusableComponent in 'Build' content in Messages tool window to avoid focus-related problems. 
2019-11-13 20:42:40,144 [6687845]   WARN - j.openapi.wm.impl.IdeFrameImpl - Build tool window - parent container is hidden 
2019-11-13 20:42:41,215 [6688916]   WARN - j.openapi.wm.impl.IdeFrameImpl - Set preferredFocusableComponent in 'dijkstra_effective' content in Run tool window to avoid focus-related problems. 
2019-11-13 20:42:41,216 [6688917]   WARN - j.openapi.wm.impl.IdeFrameImpl - dijkstra_effective tool window - parent container is hidden 
2019-11-13 20:43:12,725 [6720426]   WARN - j.openapi.wm.impl.IdeFrameImpl - Set preferredFocusableComponent in 'Build' content in Messages tool window to avoid focus-related problems. 
2019-11-13 20:43:12,725 [6720426]   WARN - j.openapi.wm.impl.IdeFrameImpl - Build tool window - parent container is hidden 
2019-11-13 20:43:13,907 [6721608]   WARN - j.openapi.wm.impl.IdeFrameImpl - Set preferredFocusableComponent in 'dijkstra_effective' content in Run tool window to avoid focus-related problems. 
2019-11-13 20:43:13,908 [6721609]   WARN - j.openapi.wm.impl.IdeFrameImpl - dijkstra_effective tool window - parent container is hidden 
2019-11-13 20:45:54,839 [6882540]   WARN - j.openapi.wm.impl.IdeFrameImpl - Set preferredFocusableComponent in 'Build' content in Messages tool window to avoid focus-related problems. 
2019-11-13 20:45:54,839 [6882540]   WARN - j.openapi.wm.impl.IdeFrameImpl - Build tool window - parent container is hidden 
2019-11-13 20:46:30,349 [6918050]   WARN - j.openapi.wm.impl.IdeFrameImpl - Set preferredFocusableComponent in 'dijkstra_effective' content in Run tool window to avoid focus-related problems. 
2019-11-13 20:46:30,349 [6918050]   WARN - j.openapi.wm.impl.IdeFrameImpl - dijkstra_effective tool window - parent container is hidden 
2019-11-13 20:46:51,011 [6938712]   WARN - j.openapi.wm.impl.IdeFrameImpl - Set preferredFocusableComponent in 'Build' content in Messages tool window to avoid focus-related problems. 
2019-11-13 20:46:51,011 [6938712]   WARN - j.openapi.wm.impl.IdeFrameImpl - Build tool window - parent container is hidden 
2019-11-13 20:46:52,215 [6939916]   WARN - j.openapi.wm.impl.IdeFrameImpl - Set preferredFocusableComponent in 'dijkstra_effective' content in Run tool window to avoid focus-related problems. 
2019-11-13 20:46:52,215 [6939916]   WARN - j.openapi.wm.impl.IdeFrameImpl - dijkstra_effective tool window - parent container is hidden 
2019-11-13 20:47:13,700 [6961401]   WARN - j.openapi.wm.impl.IdeFrameImpl - Set preferredFocusableComponent in 'Build' content in Messages tool window to avoid focus-related problems. 
2019-11-13 20:47:13,700 [6961401]   WARN - j.openapi.wm.impl.IdeFrameImpl - Build tool window - parent container is hidden 
2019-11-13 20:47:14,878 [6962579]   WARN - j.openapi.wm.impl.IdeFrameImpl - Set preferredFocusableComponent in 'dijkstra_effective' content in Run tool window to avoid focus-related problems. 
2019-11-13 20:47:14,878 [6962579]   WARN - j.openapi.wm.impl.IdeFrameImpl - dijkstra_effective tool window - parent container is hidden 
2019-11-13 20:47:24,828 [6972529]   WARN - j.openapi.wm.impl.IdeFrameImpl - Set preferredFocusableComponent in 'Build' content in Messages tool window to avoid focus-related problems. 
2019-11-13 20:47:24,829 [6972530]   WARN - j.openapi.wm.impl.IdeFrameImpl - Build tool window - parent container is hidden 
2019-11-13 20:47:25,964 [6973665]   WARN - j.openapi.wm.impl.IdeFrameImpl - Set preferredFocusableComponent in 'dijkstra_effective' content in Run tool window to avoid focus-related problems. 
2019-11-13 20:47:25,964 [6973665]   WARN - j.openapi.wm.impl.IdeFrameImpl - dijkstra_effective tool window - parent container is hidden 
2019-11-13 20:47:34,870 [6982571]   WARN - j.openapi.wm.impl.IdeFrameImpl - Set preferredFocusableComponent in 'Build' content in Messages tool window to avoid focus-related problems. 
2019-11-13 20:47:34,871 [6982572]   WARN - j.openapi.wm.impl.IdeFrameImpl - Build tool window - parent container is hidden 
2019-11-13 20:47:36,064 [6983765]   WARN - j.openapi.wm.impl.IdeFrameImpl - Set preferredFocusableComponent in 'dijkstra_effective' content in Run tool window to avoid focus-related problems. 
2019-11-13 20:47:36,064 [6983765]   WARN - j.openapi.wm.impl.IdeFrameImpl - dijkstra_effective tool window - parent container is hidden 
2019-11-13 20:47:55,524 [7003225]   WARN - j.openapi.wm.impl.IdeFrameImpl - Set preferredFocusableComponent in 'Build' content in Messages tool window to avoid focus-related problems. 
2019-11-13 20:47:55,524 [7003225]   WARN - j.openapi.wm.impl.IdeFrameImpl - Build tool window - parent container is hidden 
2019-11-13 20:47:56,722 [7004423]   WARN - j.openapi.wm.impl.IdeFrameImpl - Set preferredFocusableComponent in 'dijkstra_effective' content in Run tool window to avoid focus-related problems. 
2019-11-13 20:47:56,722 [7004423]   WARN - j.openapi.wm.impl.IdeFrameImpl - dijkstra_effective tool window - parent container is hidden 
2019-11-13 20:48:05,204 [7012905]   WARN - j.openapi.wm.impl.IdeFrameImpl - Set preferredFocusableComponent in 'Build' content in Messages tool window to avoid focus-related problems. 
2019-11-13 20:48:05,205 [7012906]   WARN - j.openapi.wm.impl.IdeFrameImpl - Build tool window - parent container is hidden 
2019-11-13 20:48:06,352 [7014053]   WARN - j.openapi.wm.impl.IdeFrameImpl - Set preferredFocusableComponent in 'dijkstra_effective' content in Run tool window to avoid focus-related problems. 
2019-11-13 20:48:06,353 [7014054]   WARN - j.openapi.wm.impl.IdeFrameImpl - dijkstra_effective tool window - parent container is hidden 
2019-11-13 20:49:34,656 [7102357]   WARN - j.openapi.wm.impl.IdeFrameImpl - Set preferredFocusableComponent in 'Build' content in Messages tool window to avoid focus-related problems. 
2019-11-13 20:49:34,656 [7102357]   WARN - j.openapi.wm.impl.IdeFrameImpl - Build tool window - parent container is hidden 
2019-11-13 20:57:47,689 [7595390]   WARN - j.openapi.wm.impl.IdeFrameImpl - Set preferredFocusableComponent in 'dijkstra_effective' content in Run tool window to avoid focus-related problems. 
2019-11-13 20:57:47,692 [7595393]   WARN - j.openapi.wm.impl.IdeFrameImpl - dijkstra_effective tool window - parent container is hidden 
2019-11-13 20:58:08,426 [7616127]   WARN - j.openapi.wm.impl.IdeFrameImpl - Set preferredFocusableComponent in 'Build' content in Messages tool window to avoid focus-related problems. 
2019-11-13 20:58:08,427 [7616128]   WARN - j.openapi.wm.impl.IdeFrameImpl - Build tool window - parent container is hidden 
2019-11-13 20:58:09,770 [7617471]   WARN - j.openapi.wm.impl.IdeFrameImpl - Set preferredFocusableComponent in 'dijkstra_effective' content in Run tool window to avoid focus-related problems. 
2019-11-13 20:58:09,770 [7617471]   WARN - j.openapi.wm.impl.IdeFrameImpl - dijkstra_effective tool window - parent container is hidden 
2019-11-13 20:58:21,989 [7629690]   WARN - j.openapi.wm.impl.IdeFrameImpl - Set preferredFocusableComponent in 'Build' content in Messages tool window to avoid focus-related problems. 
2019-11-13 20:58:21,989 [7629690]   WARN - j.openapi.wm.impl.IdeFrameImpl - Build tool window - parent container is hidden 
2019-11-13 20:58:30,620 [7638321]   WARN - j.openapi.wm.impl.IdeFrameImpl - Set preferredFocusableComponent in 'dijkstra_effective' content in Run tool window to avoid focus-related problems. 
2019-11-13 20:58:30,620 [7638321]   WARN - j.openapi.wm.impl.IdeFrameImpl - dijkstra_effective tool window - parent container is hidden 
2019-11-13 21:01:18,045 [7805746]   WARN - j.openapi.wm.impl.IdeFrameImpl - Set preferredFocusableComponent in 'Build' content in Messages tool window to avoid focus-related problems. 
2019-11-13 21:01:18,046 [7805747]   WARN - j.openapi.wm.impl.IdeFrameImpl - Build tool window - parent container is hidden 
2019-11-13 21:01:19,360 [7807061]   WARN - j.openapi.wm.impl.IdeFrameImpl - Set preferredFocusableComponent in 'dijkstra_effective' content in Run tool window to avoid focus-related problems. 
2019-11-13 21:01:19,360 [7807061]   WARN - j.openapi.wm.impl.IdeFrameImpl - dijkstra_effective tool window - parent container is hidden 
2019-11-13 21:01:46,233 [7833934]   WARN - j.openapi.wm.impl.IdeFrameImpl - Set preferredFocusableComponent in 'Build' content in Messages tool window to avoid focus-related problems. 
2019-11-13 21:01:46,233 [7833934]   WARN - j.openapi.wm.impl.IdeFrameImpl - Build tool window - parent container is hidden 
2019-11-13 21:01:47,186 [7834887]   WARN - j.openapi.wm.impl.IdeFrameImpl - Set preferredFocusableComponent in 'dijkstra_effective' content in Run tool window to avoid focus-related problems. 
2019-11-13 21:01:47,186 [7834887]   WARN - j.openapi.wm.impl.IdeFrameImpl - dijkstra_effective tool window - parent container is hidden 
2019-11-13 21:02:52,903 [7900604]   WARN - j.openapi.wm.impl.IdeFrameImpl - Set preferredFocusableComponent in 'Build' content in Messages tool window to avoid focus-related problems. 
2019-11-13 21:02:52,903 [7900604]   WARN - j.openapi.wm.impl.IdeFrameImpl - Build tool window - parent container is hidden 
2019-11-13 21:02:54,140 [7901841]   WARN - j.openapi.wm.impl.IdeFrameImpl - Set preferredFocusableComponent in 'dijkstra_effective' content in Run tool window to avoid focus-related problems. 
2019-11-13 21:02:54,140 [7901841]   WARN - j.openapi.wm.impl.IdeFrameImpl - dijkstra_effective tool window - parent container is hidden 
2019-11-13 21:03:30,807 [7938508]   WARN - j.openapi.wm.impl.IdeFrameImpl - Set preferredFocusableComponent in 'Build' content in Messages tool window to avoid focus-related problems. 
2019-11-13 21:03:30,807 [7938508]   WARN - j.openapi.wm.impl.IdeFrameImpl - Build tool window - parent container is hidden 
2019-11-13 21:03:31,798 [7939499]   WARN - j.openapi.wm.impl.IdeFrameImpl - Set preferredFocusableComponent in 'dijkstra_effective' content in Run tool window to avoid focus-related problems. 
2019-11-13 21:03:31,799 [7939500]   WARN - j.openapi.wm.impl.IdeFrameImpl - dijkstra_effective tool window - parent container is hidden 
2019-11-13 21:06:02,722 [8090423]   WARN - tator.ClangErrorsAnnotatorPass -  
java.lang.Throwable: Control-flow exceptions (like CannotRunReadActionException) should never be logged
	at com.intellij.openapi.diagnostic.Logger.checkException(Logger.java:196)
	at com.intellij.idea.IdeaLogger.warn(IdeaLogger.java:95)
	at com.intellij.openapi.diagnostic.Logger.warn(Logger.java:139)
	at com.jetbrains.cidr.lang.daemon.clang.clangd.annotator.ClangErrorsAnnotatorPass.a(ClangErrorsAnnotatorPass.java:569)
	at com.jetbrains.cidr.lang.daemon.clang.clangd.annotator.ClangErrorsAnnotatorPass.a(ClangErrorsAnnotatorPass.java:519)
	at com.jetbrains.cidr.lang.daemon.clang.clangd.annotator.ClangErrorsAnnotatorPass.b(ClangErrorsAnnotatorPass.java:289)
	at com.jetbrains.cidr.lang.daemon.clang.clangd.annotator.ClangErrorsAnnotatorPass.makeAnnotation(ClangErrorsAnnotatorPass.java:241)
	at com.jetbrains.cidr.lang.daemon.clang.clangd.annotator.ClangErrorsAnnotatorPass.b(ClangErrorsAnnotatorPass.java:207)
	at com.jetbrains.cidr.lang.daemon.clang.clangd.annotator.ClangErrorsAnnotatorPass.doCollectInformation(ClangErrorsAnnotatorPass.java:146)
	at com.intellij.codeHighlighting.TextEditorHighlightingPass.collectInformation(TextEditorHighlightingPass.java:55)
	at com.intellij.codeInsight.daemon.impl.PassExecutorService$ScheduledPass.lambda$null$1(PassExecutorService.java:429)
	at com.intellij.openapi.application.impl.ApplicationImpl.tryRunReadAction(ApplicationImpl.java:1106)
	at com.intellij.codeInsight.daemon.impl.PassExecutorService$ScheduledPass.lambda$doRun$2(PassExecutorService.java:422)
	at com.intellij.openapi.progress.impl.CoreProgressManager.registerIndicatorAndRun(CoreProgressManager.java:591)
	at com.intellij.openapi.progress.impl.CoreProgressManager.executeProcessUnderProgress(CoreProgressManager.java:537)
	at com.intellij.openapi.progress.impl.ProgressManagerImpl.executeProcessUnderProgress(ProgressManagerImpl.java:59)
	at com.intellij.codeInsight.daemon.impl.PassExecutorService$ScheduledPass.doRun(PassExecutorService.java:421)
	at com.intellij.codeInsight.daemon.impl.PassExecutorService$ScheduledPass.lambda$run$0(PassExecutorService.java:397)
	at com.intellij.openapi.application.impl.ReadMostlyRWLock.executeByImpatientReader(ReadMostlyRWLock.java:164)
	at com.intellij.openapi.application.impl.ApplicationImpl.executeByImpatientReader(ApplicationImpl.java:204)
	at com.intellij.codeInsight.daemon.impl.PassExecutorService$ScheduledPass.run(PassExecutorService.java:395)
	at com.intellij.concurrency.JobLauncherImpl$VoidForkJoinTask$1.exec(JobLauncherImpl.java:161)
	at java.base/java.util.concurrent.ForkJoinTask.doExec(ForkJoinTask.java:290)
	at java.base/java.util.concurrent.ForkJoinPool$WorkQueue.topLevelExec(ForkJoinPool.java:1020)
	at java.base/java.util.concurrent.ForkJoinPool.scan(ForkJoinPool.java:1656)
	at java.base/java.util.concurrent.ForkJoinPool.runWorker(ForkJoinPool.java:1594)
	at java.base/java.util.concurrent.ForkJoinWorkerThread.run(ForkJoinWorkerThread.java:177)
Caused by: com.intellij.openapi.application.ex.ApplicationUtil$CannotRunReadActionException
	at com.intellij.openapi.application.ex.ApplicationUtil$CannotRunReadActionException.create(ApplicationUtil.java:94)
	at com.intellij.openapi.application.impl.ReadMostlyRWLock.throwIfImpatient(ReadMostlyRWLock.java:144)
	at com.intellij.openapi.application.impl.ReadMostlyRWLock.checkReadLockedByThisThreadAndNoPendingWrites(ReadMostlyRWLock.java:106)
	at com.intellij.openapi.application.impl.ApplicationImpl.checkReadAccessAllowedAndNoPendingWrites(ApplicationImpl.java:1050)
	at com.intellij.openapi.application.impl.ApplicationImpl.runReadAction(ApplicationImpl.java:931)
	at com.intellij.openapi.application.ReadAction.compute(ReadAction.java:57)
	at com.intellij.psi.impl.PsiDocumentManagerImpl$1.fileContentLoaded(PsiDocumentManagerImpl.java:66)
	at jdk.internal.reflect.GeneratedMethodAccessor44.invoke(Unknown Source)
	at java.base/jdk.internal.reflect.DelegatingMethodAccessorImpl.invoke(DelegatingMethodAccessorImpl.java:43)
	at java.base/java.lang.reflect.Method.invoke(Method.java:566)
	at com.intellij.util.messages.impl.MessageBusConnectionImpl.deliverMessage(MessageBusConnectionImpl.java:102)
	at com.intellij.util.messages.impl.MessageBusImpl.doPumpMessages(MessageBusImpl.java:446)
	at com.intellij.util.messages.impl.MessageBusImpl.pumpWaitingBuses(MessageBusImpl.java:406)
	at com.intellij.util.messages.impl.MessageBusImpl.pumpMessages(MessageBusImpl.java:395)
	at com.intellij.util.messages.impl.MessageBusImpl.sendMessage(MessageBusImpl.java:372)
	at com.intellij.util.messages.impl.MessageBusImpl.lambda$createTopicHandler$1(MessageBusImpl.java:242)
	at com.sun.proxy.$Proxy26.fileContentLoaded(Unknown Source)
	at jdk.internal.reflect.GeneratedMethodAccessor44.invoke(Unknown Source)
	at java.base/jdk.internal.reflect.DelegatingMethodAccessorImpl.invoke(DelegatingMethodAccessorImpl.java:43)
	at java.base/java.lang.reflect.Method.invoke(Method.java:566)
	at com.intellij.openapi.fileEditor.impl.FileDocumentManagerImpl.multiCast(FileDocumentManagerImpl.java:148)
	at com.intellij.openapi.fileEditor.impl.FileDocumentManagerImpl.lambda$new$0(FileDocumentManagerImpl.java:128)
	at com.sun.proxy.$Proxy26.fileContentLoaded(Unknown Source)
	at com.intellij.openapi.fileEditor.impl.FileDocumentManagerImpl.getDocument(FileDocumentManagerImpl.java:211)
	at com.jetbrains.cidr.lang.daemon.clang.clangd.annotator.ClangErrorsAnnotatorPass.a(ClangErrorsAnnotatorPass.java:558)
	... 23 more
2019-11-13 21:06:18,071 [8105772]   WARN - j.openapi.wm.impl.IdeFrameImpl - Set preferredFocusableComponent in 'Build' content in Messages tool window to avoid focus-related problems. 
2019-11-13 21:06:18,072 [8105773]   WARN - j.openapi.wm.impl.IdeFrameImpl - Build tool window - parent container is hidden 
2019-11-13 21:06:19,039 [8106740]   WARN - j.openapi.wm.impl.IdeFrameImpl - Set preferredFocusableComponent in 'dijkstra_effective' content in Run tool window to avoid focus-related problems. 
2019-11-13 21:06:19,040 [8106741]   WARN - j.openapi.wm.impl.IdeFrameImpl - dijkstra_effective tool window - parent container is hidden 
2019-11-13 21:06:56,287 [8143988]   WARN - j.openapi.wm.impl.IdeFrameImpl - Set preferredFocusableComponent in 'Build' content in Messages tool window to avoid focus-related problems. 
2019-11-13 21:06:56,287 [8143988]   WARN - j.openapi.wm.impl.IdeFrameImpl - Build tool window - parent container is hidden 
2019-11-13 21:06:57,513 [8145214]   WARN - j.openapi.wm.impl.IdeFrameImpl - Set preferredFocusableComponent in 'dijkstra_effective' content in Run tool window to avoid focus-related problems. 
2019-11-13 21:06:57,513 [8145214]   WARN - j.openapi.wm.impl.IdeFrameImpl - dijkstra_effective tool window - parent container is hidden 
2019-11-13 21:07:39,107 [8186808]   WARN - j.openapi.wm.impl.IdeFrameImpl - Set preferredFocusableComponent in 'Build' content in Messages tool window to avoid focus-related problems. 
2019-11-13 21:07:39,107 [8186808]   WARN - j.openapi.wm.impl.IdeFrameImpl - Build tool window - parent container is hidden 
2019-11-13 21:07:40,502 [8188203]   WARN - j.openapi.wm.impl.IdeFrameImpl - Set preferredFocusableComponent in 'dijkstra_effective' content in Run tool window to avoid focus-related problems. 
2019-11-13 21:07:40,503 [8188204]   WARN - j.openapi.wm.impl.IdeFrameImpl - dijkstra_effective tool window - parent container is hidden 
2019-11-13 21:08:01,869 [8209570]   WARN - j.openapi.wm.impl.IdeFrameImpl - Set preferredFocusableComponent in 'Build' content in Messages tool window to avoid focus-related problems. 
2019-11-13 21:08:01,869 [8209570]   WARN - j.openapi.wm.impl.IdeFrameImpl - Build tool window - parent container is hidden 
2019-11-13 21:08:03,272 [8210973]   WARN - j.openapi.wm.impl.IdeFrameImpl - Set preferredFocusableComponent in 'dijkstra_effective' content in Run tool window to avoid focus-related problems. 
2019-11-13 21:08:03,273 [8210974]   WARN - j.openapi.wm.impl.IdeFrameImpl - dijkstra_effective tool window - parent container is hidden 
2019-11-13 21:08:12,956 [8220657]   WARN - j.openapi.wm.impl.IdeFrameImpl - Set preferredFocusableComponent in 'Build' content in Messages tool window to avoid focus-related problems. 
2019-11-13 21:08:12,956 [8220657]   WARN - j.openapi.wm.impl.IdeFrameImpl - Build tool window - parent container is hidden 
2019-11-13 21:08:14,298 [8221999]   WARN - j.openapi.wm.impl.IdeFrameImpl - Set preferredFocusableComponent in 'dijkstra_effective' content in Run tool window to avoid focus-related problems. 
2019-11-13 21:08:14,299 [8222000]   WARN - j.openapi.wm.impl.IdeFrameImpl - dijkstra_effective tool window - parent container is hidden 
2019-11-13 21:09:14,170 [8281871]   WARN - j.openapi.wm.impl.IdeFrameImpl - Set preferredFocusableComponent in 'Build' content in Messages tool window to avoid focus-related problems. 
2019-11-13 21:09:14,170 [8281871]   WARN - j.openapi.wm.impl.IdeFrameImpl - Build tool window - parent container is hidden 
2019-11-13 21:09:14,320 [8282021]   WARN - j.openapi.wm.impl.IdeFrameImpl - Set preferredFocusableComponent in 'dijkstra_effective' content in Run tool window to avoid focus-related problems. 
2019-11-13 21:09:14,321 [8282022]   WARN - j.openapi.wm.impl.IdeFrameImpl - dijkstra_effective tool window - parent container is hidden 
2019-11-13 21:09:26,588 [8294289]   WARN - j.openapi.wm.impl.IdeFrameImpl - Set preferredFocusableComponent in 'Build' content in Messages tool window to avoid focus-related problems. 
2019-11-13 21:09:26,588 [8294289]   WARN - j.openapi.wm.impl.IdeFrameImpl - Build tool window - parent container is hidden 
2019-11-13 21:09:27,888 [8295589]   WARN - j.openapi.wm.impl.IdeFrameImpl - Set preferredFocusableComponent in 'dijkstra_effective' content in Run tool window to avoid focus-related problems. 
2019-11-13 21:09:27,889 [8295590]   WARN - j.openapi.wm.impl.IdeFrameImpl - dijkstra_effective tool window - parent container is hidden 
2019-11-13 21:09:43,136 [8310837]   WARN - j.openapi.wm.impl.IdeFrameImpl - Set preferredFocusableComponent in 'Build' content in Messages tool window to avoid focus-related problems. 
2019-11-13 21:09:43,136 [8310837]   WARN - j.openapi.wm.impl.IdeFrameImpl - Build tool window - parent container is hidden 
2019-11-13 21:09:44,372 [8312073]   WARN - j.openapi.wm.impl.IdeFrameImpl - Set preferredFocusableComponent in 'dijkstra_effective' content in Run tool window to avoid focus-related problems. 
2019-11-13 21:09:44,373 [8312074]   WARN - j.openapi.wm.impl.IdeFrameImpl - dijkstra_effective tool window - parent container is hidden 
2019-11-13 21:11:05,200 [8392901]   WARN - j.openapi.wm.impl.IdeFrameImpl - Set preferredFocusableComponent in 'Build' content in Messages tool window to avoid focus-related problems. 
2019-11-13 21:11:05,200 [8392901]   WARN - j.openapi.wm.impl.IdeFrameImpl - Build tool window - parent container is hidden 
2019-11-13 21:11:16,547 [8404248]   WARN - j.openapi.wm.impl.IdeFrameImpl - Set preferredFocusableComponent in 'dijkstra_effective' content in Run tool window to avoid focus-related problems. 
2019-11-13 21:11:16,547 [8404248]   WARN - j.openapi.wm.impl.IdeFrameImpl - dijkstra_effective tool window - parent container is hidden 
2019-11-13 21:50:32,945 [10760646]   WARN - j.openapi.wm.impl.IdeFrameImpl - Set preferredFocusableComponent in 'Build' content in Messages tool window to avoid focus-related problems. 
2019-11-13 21:50:32,946 [10760647]   WARN - j.openapi.wm.impl.IdeFrameImpl - Build tool window - parent container is hidden 
2019-11-13 21:50:34,613 [10762314]   WARN - j.openapi.wm.impl.IdeFrameImpl - Set preferredFocusableComponent in 'dijkstra_effective' content in Run tool window to avoid focus-related problems. 
2019-11-13 21:50:34,613 [10762314]   WARN - j.openapi.wm.impl.IdeFrameImpl - dijkstra_effective tool window - parent container is hidden 
2019-11-13 21:53:45,050 [10952751]   WARN - j.openapi.wm.impl.IdeFrameImpl - Set preferredFocusableComponent in 'Build' content in Messages tool window to avoid focus-related problems. 
2019-11-13 21:53:45,050 [10952751]   WARN - j.openapi.wm.impl.IdeFrameImpl - Build tool window - parent container is hidden 
2019-11-13 21:53:58,159 [10965860]   WARN - j.openapi.wm.impl.IdeFrameImpl - Set preferredFocusableComponent in 'dijkstra_effective' content in Run tool window to avoid focus-related problems. 
2019-11-13 21:53:58,159 [10965860]   WARN - j.openapi.wm.impl.IdeFrameImpl - dijkstra_effective tool window - parent container is hidden 
2019-11-13 21:55:04,296 [11031997]   WARN - tator.ClangErrorsAnnotatorPass -  
java.lang.Throwable: Control-flow exceptions (like CannotRunReadActionException) should never be logged
	at com.intellij.openapi.diagnostic.Logger.checkException(Logger.java:196)
	at com.intellij.idea.IdeaLogger.warn(IdeaLogger.java:95)
	at com.intellij.openapi.diagnostic.Logger.warn(Logger.java:139)
	at com.jetbrains.cidr.lang.daemon.clang.clangd.annotator.ClangErrorsAnnotatorPass.a(ClangErrorsAnnotatorPass.java:569)
	at com.jetbrains.cidr.lang.daemon.clang.clangd.annotator.ClangErrorsAnnotatorPass.a(ClangErrorsAnnotatorPass.java:519)
	at com.jetbrains.cidr.lang.daemon.clang.clangd.annotator.ClangErrorsAnnotatorPass.b(ClangErrorsAnnotatorPass.java:289)
	at com.jetbrains.cidr.lang.daemon.clang.clangd.annotator.ClangErrorsAnnotatorPass.makeAnnotation(ClangErrorsAnnotatorPass.java:241)
	at com.jetbrains.cidr.lang.daemon.clang.clangd.annotator.ClangErrorsAnnotatorPass.b(ClangErrorsAnnotatorPass.java:207)
	at com.jetbrains.cidr.lang.daemon.clang.clangd.annotator.ClangErrorsAnnotatorPass.doCollectInformation(ClangErrorsAnnotatorPass.java:146)
	at com.intellij.codeHighlighting.TextEditorHighlightingPass.collectInformation(TextEditorHighlightingPass.java:55)
	at com.intellij.codeInsight.daemon.impl.PassExecutorService$ScheduledPass.lambda$null$1(PassExecutorService.java:429)
	at com.intellij.openapi.application.impl.ApplicationImpl.tryRunReadAction(ApplicationImpl.java:1106)
	at com.intellij.codeInsight.daemon.impl.PassExecutorService$ScheduledPass.lambda$doRun$2(PassExecutorService.java:422)
	at com.intellij.openapi.progress.impl.CoreProgressManager.registerIndicatorAndRun(CoreProgressManager.java:591)
	at com.intellij.openapi.progress.impl.CoreProgressManager.executeProcessUnderProgress(CoreProgressManager.java:537)
	at com.intellij.openapi.progress.impl.ProgressManagerImpl.executeProcessUnderProgress(ProgressManagerImpl.java:59)
	at com.intellij.codeInsight.daemon.impl.PassExecutorService$ScheduledPass.doRun(PassExecutorService.java:421)
	at com.intellij.codeInsight.daemon.impl.PassExecutorService$ScheduledPass.lambda$run$0(PassExecutorService.java:397)
	at com.intellij.openapi.application.impl.ReadMostlyRWLock.executeByImpatientReader(ReadMostlyRWLock.java:164)
	at com.intellij.openapi.application.impl.ApplicationImpl.executeByImpatientReader(ApplicationImpl.java:204)
	at com.intellij.codeInsight.daemon.impl.PassExecutorService$ScheduledPass.run(PassExecutorService.java:395)
	at com.intellij.concurrency.JobLauncherImpl$VoidForkJoinTask$1.exec(JobLauncherImpl.java:161)
	at java.base/java.util.concurrent.ForkJoinTask.doExec(ForkJoinTask.java:290)
	at java.base/java.util.concurrent.ForkJoinPool$WorkQueue.topLevelExec(ForkJoinPool.java:1020)
	at java.base/java.util.concurrent.ForkJoinPool.scan(ForkJoinPool.java:1656)
	at java.base/java.util.concurrent.ForkJoinPool.runWorker(ForkJoinPool.java:1594)
	at java.base/java.util.concurrent.ForkJoinWorkerThread.run(ForkJoinWorkerThread.java:177)
Caused by: com.intellij.openapi.application.ex.ApplicationUtil$CannotRunReadActionException
	at com.intellij.openapi.application.ex.ApplicationUtil$CannotRunReadActionException.create(ApplicationUtil.java:94)
	at com.intellij.openapi.application.impl.ReadMostlyRWLock.throwIfImpatient(ReadMostlyRWLock.java:144)
	at com.intellij.openapi.application.impl.ReadMostlyRWLock.checkReadLockedByThisThreadAndNoPendingWrites(ReadMostlyRWLock.java:106)
	at com.intellij.openapi.application.impl.ApplicationImpl.checkReadAccessAllowedAndNoPendingWrites(ApplicationImpl.java:1050)
	at com.intellij.openapi.application.impl.ApplicationImpl.runReadAction(ApplicationImpl.java:931)
	at com.intellij.openapi.application.ReadAction.compute(ReadAction.java:57)
	at com.intellij.psi.impl.PsiDocumentManagerImpl$1.fileContentLoaded(PsiDocumentManagerImpl.java:66)
	at jdk.internal.reflect.GeneratedMethodAccessor44.invoke(Unknown Source)
	at java.base/jdk.internal.reflect.DelegatingMethodAccessorImpl.invoke(DelegatingMethodAccessorImpl.java:43)
	at java.base/java.lang.reflect.Method.invoke(Method.java:566)
	at com.intellij.util.messages.impl.MessageBusConnectionImpl.deliverMessage(MessageBusConnectionImpl.java:102)
	at com.intellij.util.messages.impl.MessageBusImpl.doPumpMessages(MessageBusImpl.java:446)
	at com.intellij.util.messages.impl.MessageBusImpl.pumpWaitingBuses(MessageBusImpl.java:406)
	at com.intellij.util.messages.impl.MessageBusImpl.pumpMessages(MessageBusImpl.java:395)
	at com.intellij.util.messages.impl.MessageBusImpl.sendMessage(MessageBusImpl.java:372)
	at com.intellij.util.messages.impl.MessageBusImpl.lambda$createTopicHandler$1(MessageBusImpl.java:242)
	at com.sun.proxy.$Proxy26.fileContentLoaded(Unknown Source)
	at jdk.internal.reflect.GeneratedMethodAccessor44.invoke(Unknown Source)
	at java.base/jdk.internal.reflect.DelegatingMethodAccessorImpl.invoke(DelegatingMethodAccessorImpl.java:43)
	at java.base/java.lang.reflect.Method.invoke(Method.java:566)
	at com.intellij.openapi.fileEditor.impl.FileDocumentManagerImpl.multiCast(FileDocumentManagerImpl.java:148)
	at com.intellij.openapi.fileEditor.impl.FileDocumentManagerImpl.lambda$new$0(FileDocumentManagerImpl.java:128)
	at com.sun.proxy.$Proxy26.fileContentLoaded(Unknown Source)
	at com.intellij.openapi.fileEditor.impl.FileDocumentManagerImpl.getDocument(FileDocumentManagerImpl.java:211)
	at com.jetbrains.cidr.lang.daemon.clang.clangd.annotator.ClangErrorsAnnotatorPass.a(ClangErrorsAnnotatorPass.java:558)
	... 23 more
2019-11-13 22:06:01,071 [11688772]   WARN - .impl.LineStatusTrackerManager - Tracker for is being held on dispose by com.intellij.openapi.editor.impl.EditorImpl@3f4edaea 
